# JRE version: OpenJDK Runtime Environment (10.0.2+13) (build 10.0.2+13-Ubuntu-1ubuntu0.18.04.2)
# Java VM: OpenJDK 64-Bit Server VM (10.0.2+13-Ubuntu-1ubuntu0.18.04.2, mixed mode, tiered, compressed oops, serial gc, linux-amd64)
Heap:
 def new generation   total 17216K, used 6797K [0x00000000f0800000, 0x00000000f1aa0000, 0x00000000f5aa0000)
  eden space 15360K,  37% used [0x00000000f0800000, 0x00000000f0db1b50, 0x00000000f1700000)
  from space 1856K,  52% used [0x00000000f18d0000, 0x00000000f19c1c28, 0x00000000f1aa0000)
  to   space 1856K,   0% used [0x00000000f1700000, 0x00000000f1700000, 0x00000000f18d0000)
 tenured generation   total 37996K, used 32032K [0x00000000f5aa0000, 0x00000000f7fbb000, 0x0000000100000000)
   the space 37996K,  84% used [0x00000000f5aa0000, 0x00000000f79e8260, 0x00000000f79e8400, 0x00000000f7fbb000)
 Metaspace       used 63760K, capacity 64999K, committed 65792K, reserved 1107968K
  class space    used 7390K, capacity 7926K, committed 7936K, reserved 1048576K
GC Heap History (10 events):
Event: 13.061 GC heap before
{Heap before GC invocations=71 (full 3):
 def new generation   total 17216K, used 16484K [0x00000000f0800000, 0x00000000f1aa0000, 0x00000000f5aa0000)
  eden space 15360K, 100% used [0x00000000f0800000, 0x00000000f1700000, 0x00000000f1700000)
  from space 1856K,  60% used [0x00000000f1700000, 0x00000000f1819040, 0x00000000f18d0000)
  to   space 1856K,   0% used [0x00000000f18d0000, 0x00000000f18d0000, 0x00000000f1aa0000)
 tenured generation   total 37996K, used 26716K [0x00000000f5aa0000, 0x00000000f7fbb000, 0x0000000100000000)
   the space 37996K,  70% used [0x00000000f5aa0000, 0x00000000f74b7228, 0x00000000f74b7400, 0x00000000f7fbb000)
 Metaspace       used 59933K, capacity 61165K, committed 61824K, reserved 1103872K
  class space    used 6948K, capacity 7465K, committed 7552K, reserved 1048576K
}
Event: 13.067 GC heap after
{Heap after GC invocations=72 (full 3):
 def new generation   total 17216K, used 1126K [0x00000000f0800000, 0x00000000f1aa0000, 0x00000000f5aa0000)
  eden space 15360K,   0% used [0x00000000f0800000, 0x00000000f0800000, 0x00000000f1700000)
  from space 1856K,  60% used [0x00000000f18d0000, 0x00000000f19e9870, 0x00000000f1aa0000)
  to   space 1856K,   0% used [0x00000000f1700000, 0x00000000f1700000, 0x00000000f18d0000)
 tenured generation   total 37996K, used 27824K [0x00000000f5aa0000, 0x00000000f7fbb000, 0x0000000100000000)
   the space 37996K,  73% used [0x00000000f5aa0000, 0x00000000f75cc040, 0x00000000f75cc200, 0x00000000f7fbb000)
 Metaspace       used 59933K, capacity 61165K, committed 61824K, reserved 1103872K
  class space    used 6948K, capacity 7465K, committed 7552K, reserved 1048576K
}
Event: 13.354 GC heap before
{Heap before GC invocations=72 (full 3):
 def new generation   total 17216K, used 16486K [0x00000000f0800000, 0x00000000f1aa0000, 0x00000000f5aa0000)
  eden space 15360K, 100% used [0x00000000f0800000, 0x00000000f1700000, 0x00000000f1700000)
  from space 1856K,  60% used [0x00000000f18d0000, 0x00000000f19e9870, 0x00000000f1aa0000)
  to   space 1856K,   0% used [0x00000000f1700000, 0x00000000f1700000, 0x00000000f18d0000)
 tenured generation   total 37996K, used 27824K [0x00000000f5aa0000, 0x00000000f7fbb000, 0x0000000100000000)
   the space 37996K,  73% used [0x00000000f5aa0000, 0x00000000f75cc040, 0x00000000f75cc200, 0x00000000f7fbb000)
 Metaspace       used 60637K, capacity 61829K, committed 62336K, reserved 1103872K
  class space    used 7034K, capacity 7537K, committed 7552K, reserved 1048576K
}
Event: 13.369 GC heap after
{Heap after GC invocations=73 (full 3):
 def new generation   total 17216K, used 847K [0x00000000f0800000, 0x00000000f1aa0000, 0x00000000f5aa0000)
  eden space 15360K,   0% used [0x00000000f0800000, 0x00000000f0800000, 0x00000000f1700000)
  from space 1856K,  45% used [0x00000000f1700000, 0x00000000f17d3e28, 0x00000000f18d0000)
  to   space 1856K,   0% used [0x00000000f18d0000, 0x00000000f18d0000, 0x00000000f1aa0000)
 tenured generation   total 37996K, used 28917K [0x00000000f5aa0000, 0x00000000f7fbb000, 0x0000000100000000)
   the space 37996K,  76% used [0x00000000f5aa0000, 0x00000000f76dd5a0, 0x00000000f76dd600, 0x00000000f7fbb000)
 Metaspace       used 60637K, capacity 61829K, committed 62336K, reserved 1103872K
  class space    used 7034K, capacity 7537K, committed 7552K, reserved 1048576K
}
Event: 13.695 GC heap before
{Heap before GC invocations=73 (full 3):
 def new generation   total 17216K, used 16207K [0x00000000f0800000, 0x00000000f1aa0000, 0x00000000f5aa0000)
  eden space 15360K, 100% used [0x00000000f0800000, 0x00000000f1700000, 0x00000000f1700000)
  from space 1856K,  45% used [0x00000000f1700000, 0x00000000f17d3e28, 0x00000000f18d0000)
  to   space 1856K,   0% used [0x00000000f18d0000, 0x00000000f18d0000, 0x00000000f1aa0000)
 tenured generation   total 37996K, used 28917K [0x00000000f5aa0000, 0x00000000f7fbb000, 0x0000000100000000)
   the space 37996K,  76% used [0x00000000f5aa0000, 0x00000000f76dd5a0, 0x00000000f76dd600, 0x00000000f7fbb000)
 Metaspace       used 61193K, capacity 62401K, committed 62976K, reserved 1103872K
  class space    used 7097K, capacity 7595K, committed 7680K, reserved 1048576K
}
Event: 13.700 GC heap after
{Heap after GC invocations=74 (full 3):
 def new generation   total 17216K, used 1840K [0x00000000f0800000, 0x00000000f1aa0000, 0x00000000f5aa0000)
  eden space 15360K,   0% used [0x00000000f0800000, 0x00000000f0800000, 0x00000000f1700000)
  from space 1856K,  99% used [0x00000000f18d0000, 0x00000000f1a9c3a8, 0x00000000f1aa0000)
  to   space 1856K,   0% used [0x00000000f1700000, 0x00000000f1700000, 0x00000000f18d0000)
 tenured generation   total 37996K, used 28917K [0x00000000f5aa0000, 0x00000000f7fbb000, 0x0000000100000000)
   the space 37996K,  76% used [0x00000000f5aa0000, 0x00000000f76dd5a0, 0x00000000f76dd600, 0x00000000f7fbb000)
 Metaspace       used 61193K, capacity 62401K, committed 62976K, reserved 1103872K
  class space    used 7097K, capacity 7595K, committed 7680K, reserved 1048576K
}
Event: 13.887 GC heap before
{Heap before GC invocations=74 (full 3):
 def new generation   total 17216K, used 17200K [0x00000000f0800000, 0x00000000f1aa0000, 0x00000000f5aa0000)
  eden space 15360K, 100% used [0x00000000f0800000, 0x00000000f1700000, 0x00000000f1700000)
  from space 1856K,  99% used [0x00000000f18d0000, 0x00000000f1a9c3a8, 0x00000000f1aa0000)
  to   space 1856K,   0% used [0x00000000f1700000, 0x00000000f1700000, 0x00000000f18d0000)
 tenured generation   total 37996K, used 28917K [0x00000000f5aa0000, 0x00000000f7fbb000, 0x0000000100000000)
   the space 37996K,  76% used [0x00000000f5aa0000, 0x00000000f76dd5a0, 0x00000000f76dd600, 0x00000000f7fbb000)
 Metaspace       used 61433K, capacity 62643K, committed 63232K, reserved 1105920K
  class space    used 7129K, capacity 7631K, committed 7680K, reserved 1048576K
}
Event: 13.898 GC heap after
{Heap after GC invocations=75 (full 3):
 def new generation   total 17216K, used 1320K [0x00000000f0800000, 0x00000000f1aa0000, 0x00000000f5aa0000)
  eden space 15360K,   0% used [0x00000000f0800000, 0x00000000f0800000, 0x00000000f1700000)
  from space 1856K,  71% used [0x00000000f1700000, 0x00000000f184a210, 0x00000000f18d0000)
  to   space 1856K,   0% used [0x00000000f18d0000, 0x00000000f18d0000, 0x00000000f1aa0000)
 tenured generation   total 37996K, used 30749K [0x00000000f5aa0000, 0x00000000f7fbb000, 0x0000000100000000)
   the space 37996K,  80% used [0x00000000f5aa0000, 0x00000000f78a77e0, 0x00000000f78a7800, 0x00000000f7fbb000)
 Metaspace       used 61433K, capacity 62643K, committed 63232K, reserved 1105920K
  class space    used 7129K, capacity 7631K, committed 7680K, reserved 1048576K
}
Event: 20.417 GC heap before
{Heap before GC invocations=75 (full 3):
 def new generation   total 17216K, used 16680K [0x00000000f0800000, 0x00000000f1aa0000, 0x00000000f5aa0000)
  eden space 15360K, 100% used [0x00000000f0800000, 0x00000000f1700000, 0x00000000f1700000)
  from space 1856K,  71% used [0x00000000f1700000, 0x00000000f184a210, 0x00000000f18d0000)
  to   space 1856K,   0% used [0x00000000f18d0000, 0x00000000f18d0000, 0x00000000f1aa0000)
 tenured generation   total 37996K, used 30749K [0x00000000f5aa0000, 0x00000000f7fbb000, 0x0000000100000000)
   the space 37996K,  80% used [0x00000000f5aa0000, 0x00000000f78a77e0, 0x00000000f78a7800, 0x00000000f7fbb000)
 Metaspace       used 62865K, capacity 64154K, committed 64768K, reserved 1105920K
  class space    used 7286K, capacity 7815K, committed 7936K, reserved 1048576K
}
Event: 20.434 GC heap after
{Heap after GC invocations=76 (full 3):
 def new generation   total 17216K, used 967K [0x00000000f0800000, 0x00000000f1aa0000, 0x00000000f5aa0000)
  eden space 15360K,   0% used [0x00000000f0800000, 0x00000000f0800000, 0x00000000f1700000)
  from space 1856K,  52% used [0x00000000f18d0000, 0x00000000f19c1c28, 0x00000000f1aa0000)
  to   space 1856K,   0% used [0x00000000f1700000, 0x00000000f1700000, 0x00000000f18d0000)
 tenured generation   total 37996K, used 32032K [0x00000000f5aa0000, 0x00000000f7fbb000, 0x0000000100000000)
   the space 37996K,  84% used [0x00000000f5aa0000, 0x00000000f79e8260, 0x00000000f79e8400, 0x00000000f7fbb000)
 Metaspace       used 62865K, capacity 64154K, committed 64768K, reserved 1105920K
  class space    used 7286K, capacity 7815K, committed 7936K, reserved 1048576K
}

