# JRE version: OpenJDK Runtime Environment (10.0.2+13) (build 10.0.2+13-Ubuntu-1ubuntu0.18.04.2)
# Java VM: OpenJDK 64-Bit Server VM (10.0.2+13-Ubuntu-1ubuntu0.18.04.2, mixed mode, tiered, compressed oops, serial gc, linux-amd64)
Heap:
 def new generation   total 5824K, used 1611K [0x00000000f0800000, 0x00000000f0e50000, 0x00000000f5aa0000)
  eden space 5184K,  20% used [0x00000000f0800000, 0x00000000f0908a00, 0x00000000f0d10000)
  from space 640K,  86% used [0x00000000f0d10000, 0x00000000f0d9a478, 0x00000000f0db0000)
  to   space 640K,   0% used [0x00000000f0db0000, 0x00000000f0db0000, 0x00000000f0e50000)
 tenured generation   total 12844K, used 9534K [0x00000000f5aa0000, 0x00000000f672b000, 0x0000000100000000)
   the space 12844K,  74% used [0x00000000f5aa0000, 0x00000000f63ef948, 0x00000000f63efa00, 0x00000000f672b000)
 Metaspace       used 28411K, capacity 28959K, committed 29568K, reserved 1075200K
  class space    used 3116K, capacity 3334K, committed 3456K, reserved 1048576K
GC Heap History (10 events):
Event: 3.742 GC heap before
{Heap before GC invocations=23 (full 1):
 def new generation   total 5824K, used 5640K [0x00000000f0800000, 0x00000000f0e50000, 0x00000000f5aa0000)
  eden space 5184K, 100% used [0x00000000f0800000, 0x00000000f0d10000, 0x00000000f0d10000)
  from space 640K,  71% used [0x00000000f0db0000, 0x00000000f0e222c8, 0x00000000f0e50000)
  to   space 640K,   0% used [0x00000000f0d10000, 0x00000000f0d10000, 0x00000000f0db0000)
 tenured generation   total 12844K, used 7706K [0x00000000f5aa0000, 0x00000000f672b000, 0x0000000100000000)
   the space 12844K,  59% used [0x00000000f5aa0000, 0x00000000f6226990, 0x00000000f6226a00, 0x00000000f672b000)
 Metaspace       used 23167K, capacity 23653K, committed 23936K, reserved 1071104K
  class space    used 2497K, capacity 2685K, committed 2688K, reserved 1048576K
}
Event: 3.754 GC heap after
{Heap after GC invocations=24 (full 1):
 def new generation   total 5824K, used 394K [0x00000000f0800000, 0x00000000f0e50000, 0x00000000f5aa0000)
  eden space 5184K,   0% used [0x00000000f0800000, 0x00000000f0800000, 0x00000000f0d10000)
  from space 640K,  61% used [0x00000000f0d10000, 0x00000000f0d728f8, 0x00000000f0db0000)
  to   space 640K,   0% used [0x00000000f0db0000, 0x00000000f0db0000, 0x00000000f0e50000)
 tenured generation   total 12844K, used 8070K [0x00000000f5aa0000, 0x00000000f672b000, 0x0000000100000000)
   the space 12844K,  62% used [0x00000000f5aa0000, 0x00000000f6281928, 0x00000000f6281a00, 0x00000000f672b000)
 Metaspace       used 23167K, capacity 23653K, committed 23936K, reserved 1071104K
  class space    used 2497K, capacity 2685K, committed 2688K, reserved 1048576K
}
Event: 3.874 GC heap before
{Heap before GC invocations=24 (full 1):
 def new generation   total 5824K, used 5578K [0x00000000f0800000, 0x00000000f0e50000, 0x00000000f5aa0000)
  eden space 5184K, 100% used [0x00000000f0800000, 0x00000000f0d10000, 0x00000000f0d10000)
  from space 640K,  61% used [0x00000000f0d10000, 0x00000000f0d728f8, 0x00000000f0db0000)
  to   space 640K,   0% used [0x00000000f0db0000, 0x00000000f0db0000, 0x00000000f0e50000)
 tenured generation   total 12844K, used 8070K [0x00000000f5aa0000, 0x00000000f672b000, 0x0000000100000000)
   the space 12844K,  62% used [0x00000000f5aa0000, 0x00000000f6281928, 0x00000000f6281a00, 0x00000000f672b000)
 Metaspace       used 24190K, capacity 24645K, committed 25088K, reserved 1071104K
  class space    used 2608K, capacity 2781K, committed 2816K, reserved 1048576K
}
Event: 3.878 GC heap after
{Heap after GC invocations=25 (full 1):
 def new generation   total 5824K, used 178K [0x00000000f0800000, 0x00000000f0e50000, 0x00000000f5aa0000)
  eden space 5184K,   0% used [0x00000000f0800000, 0x00000000f0800000, 0x00000000f0d10000)
  from space 640K,  27% used [0x00000000f0db0000, 0x00000000f0ddc9e0, 0x00000000f0e50000)
  to   space 640K,   0% used [0x00000000f0d10000, 0x00000000f0d10000, 0x00000000f0db0000)
 tenured generation   total 12844K, used 8462K [0x00000000f5aa0000, 0x00000000f672b000, 0x0000000100000000)
   the space 12844K,  65% used [0x00000000f5aa0000, 0x00000000f62e3808, 0x00000000f62e3a00, 0x00000000f672b000)
 Metaspace       used 24190K, capacity 24645K, committed 25088K, reserved 1071104K
  class space    used 2608K, capacity 2781K, committed 2816K, reserved 1048576K
}
Event: 4.100 GC heap before
{Heap before GC invocations=25 (full 1):
 def new generation   total 5824K, used 5362K [0x00000000f0800000, 0x00000000f0e50000, 0x00000000f5aa0000)
  eden space 5184K, 100% used [0x00000000f0800000, 0x00000000f0d10000, 0x00000000f0d10000)
  from space 640K,  27% used [0x00000000f0db0000, 0x00000000f0ddc9e0, 0x00000000f0e50000)
  to   space 640K,   0% used [0x00000000f0d10000, 0x00000000f0d10000, 0x00000000f0db0000)
 tenured generation   total 12844K, used 8462K [0x00000000f5aa0000, 0x00000000f672b000, 0x0000000100000000)
   the space 12844K,  65% used [0x00000000f5aa0000, 0x00000000f62e3808, 0x00000000f62e3a00, 0x00000000f672b000)
 Metaspace       used 25313K, capacity 25814K, committed 26368K, reserved 1073152K
  class space    used 2772K, capacity 2990K, committed 3072K, reserved 1048576K
}
Event: 4.105 GC heap after
{Heap after GC invocations=26 (full 1):
 def new generation   total 5824K, used 580K [0x00000000f0800000, 0x00000000f0e50000, 0x00000000f5aa0000)
  eden space 5184K,   0% used [0x00000000f0800000, 0x00000000f0800000, 0x00000000f0d10000)
  from space 640K,  90% used [0x00000000f0d10000, 0x00000000f0da10a8, 0x00000000f0db0000)
  to   space 640K,   0% used [0x00000000f0db0000, 0x00000000f0db0000, 0x00000000f0e50000)
 tenured generation   total 12844K, used 8462K [0x00000000f5aa0000, 0x00000000f672b000, 0x0000000100000000)
   the space 12844K,  65% used [0x00000000f5aa0000, 0x00000000f62e3808, 0x00000000f62e3a00, 0x00000000f672b000)
 Metaspace       used 25313K, capacity 25814K, committed 26368K, reserved 1073152K
  class space    used 2772K, capacity 2990K, committed 3072K, reserved 1048576K
}
Event: 4.683 GC heap before
{Heap before GC invocations=26 (full 1):
 def new generation   total 5824K, used 5764K [0x00000000f0800000, 0x00000000f0e50000, 0x00000000f5aa0000)
  eden space 5184K, 100% used [0x00000000f0800000, 0x00000000f0d10000, 0x00000000f0d10000)
  from space 640K,  90% used [0x00000000f0d10000, 0x00000000f0da10a8, 0x00000000f0db0000)
  to   space 640K,   0% used [0x00000000f0db0000, 0x00000000f0db0000, 0x00000000f0e50000)
 tenured generation   total 12844K, used 8462K [0x00000000f5aa0000, 0x00000000f672b000, 0x0000000100000000)
   the space 12844K,  65% used [0x00000000f5aa0000, 0x00000000f62e3808, 0x00000000f62e3a00, 0x00000000f672b000)
 Metaspace       used 26304K, capacity 26768K, committed 27264K, reserved 1073152K
  class space    used 2874K, capacity 3095K, committed 3200K, reserved 1048576K
}
Event: 5.025 GC heap after
{Heap after GC invocations=27 (full 1):
 def new generation   total 5824K, used 510K [0x00000000f0800000, 0x00000000f0e50000, 0x00000000f5aa0000)
  eden space 5184K,   0% used [0x00000000f0800000, 0x00000000f0800000, 0x00000000f0d10000)
  from space 640K,  79% used [0x00000000f0db0000, 0x00000000f0e2f858, 0x00000000f0e50000)
  to   space 640K,   0% used [0x00000000f0d10000, 0x00000000f0d10000, 0x00000000f0db0000)
 tenured generation   total 12844K, used 9034K [0x00000000f5aa0000, 0x00000000f672b000, 0x0000000100000000)
   the space 12844K,  70% used [0x00000000f5aa0000, 0x00000000f6372bd0, 0x00000000f6372c00, 0x00000000f672b000)
 Metaspace       used 26304K, capacity 26768K, committed 27264K, reserved 1073152K
  class space    used 2874K, capacity 3095K, committed 3200K, reserved 1048576K
}
Event: 6.059 GC heap before
{Heap before GC invocations=27 (full 1):
 def new generation   total 5824K, used 5674K [0x00000000f0800000, 0x00000000f0e50000, 0x00000000f5aa0000)
  eden space 5184K,  99% used [0x00000000f0800000, 0x00000000f0d0b1c8, 0x00000000f0d10000)
  from space 640K,  79% used [0x00000000f0db0000, 0x00000000f0e2f858, 0x00000000f0e50000)
  to   space 640K,   0% used [0x00000000f0d10000, 0x00000000f0d10000, 0x00000000f0db0000)
 tenured generation   total 12844K, used 9034K [0x00000000f5aa0000, 0x00000000f672b000, 0x0000000100000000)
   the space 12844K,  70% used [0x00000000f5aa0000, 0x00000000f6372bd0, 0x00000000f6372c00, 0x00000000f672b000)
 Metaspace       used 28173K, capacity 28662K, committed 29184K, reserved 1075200K
  class space    used 3087K, capacity 3300K, committed 3328K, reserved 1048576K
}
Event: 6.086 GC heap after
{Heap after GC invocations=28 (full 1):
 def new generation   total 5824K, used 553K [0x00000000f0800000, 0x00000000f0e50000, 0x00000000f5aa0000)
  eden space 5184K,   0% used [0x00000000f0800000, 0x00000000f0800000, 0x00000000f0d10000)
  from space 640K,  86% used [0x00000000f0d10000, 0x00000000f0d9a478, 0x00000000f0db0000)
  to   space 640K,   0% used [0x00000000f0db0000, 0x00000000f0db0000, 0x00000000f0e50000)
 tenured generation   total 12844K, used 9534K [0x00000000f5aa0000, 0x00000000f672b000, 0x0000000100000000)
   the space 12844K,  74% used [0x00000000f5aa0000, 0x00000000f63ef948, 0x00000000f63efa00, 0x00000000f672b000)
 Metaspace       used 28173K, capacity 28662K, committed 29184K, reserved 1075200K
  class space    used 3087K, capacity 3300K, committed 3328K, reserved 1048576K
}

